<?xml version="1.0" encoding="UTF-8"?>
<testsuite name="test.java.SeleniumTest" tests="1" skipped="0" failures="0" errors="0" timestamp="2016-01-22T09:33:55" hostname="Prasans-Mac-Mini.local" time="12.654">
  <properties/>
  <testcase name="valid_UserCredential" classname="test.java.SeleniumTest" time="12.654"/>
  <system-out><![CDATA[Ending test valid_UserCredential
]]></system-out>
  <system-err><![CDATA[log4j:WARN No appenders could be found for logger (org.apache.http.client.protocol.RequestAddCookies).
log4j:WARN Please initialize the log4j system properly.
log4j:WARN See http://logging.apache.org/log4j/1.2/faq.html#noconfig for more info.
]]></system-err>
</testsuite>
